<?xml version="1.0" encoding="UTF-8"?>
<testsuite name="LaboonChessTests" tests="9" skipped="0" failures="0" errors="0" timestamp="2016-09-28T22:44:12" hostname="Corys-MacBook-Pro-2.local" time="0.006">
  <properties/>
  <testcase name="square1" classname="LaboonChessTests" time="0.0"/>
  <testcase name="square2" classname="LaboonChessTests" time="0.0"/>
  <testcase name="square3" classname="LaboonChessTests" time="0.0"/>
  <testcase name="reverse1" classname="LaboonChessTests" time="0.0"/>
  <testcase name="reverse2" classname="LaboonChessTests" time="0.0"/>
  <testcase name="reverse3" classname="LaboonChessTests" time="0.0"/>
  <testcase name="right_triangle_hypoteneuse1" classname="LaboonChessTests" time="0.001"/>
  <testcase name="right_triangle_hypoteneuse2" classname="LaboonChessTests" time="0.0"/>
  <testcase name="right_triangle_hypoteneuse3" classname="LaboonChessTests" time="0.001"/>
  <system-out><![CDATA[]]></system-out>
  <system-err><![CDATA[]]></system-err>
</testsuite>
